CRITICAL - 2025-07-15 02:24:34 --> Error: Call to a member function send() on null
in FCPATH\index.php on line 95.
 1 SYSTEMPATH\Commands\Server\rewrite.php(47): require_once()
CRITICAL - 2025-07-15 02:24:34 --> Error: Call to a member function send() on null
in FCPATH\index.php on line 95.
 1 SYSTEMPATH\Commands\Server\rewrite.php(47): require_once()
CRITICAL - 2025-07-15 02:24:36 --> Error: Call to a member function send() on null
in FCPATH\index.php on line 95.
 1 SYSTEMPATH\Commands\Server\rewrite.php(47): require_once()
CRITICAL - 2025-07-15 02:24:36 --> Error: Call to a member function send() on null
in FCPATH\index.php on line 95.
 1 SYSTEMPATH\Commands\Server\rewrite.php(47): require_once()
CRITICAL - 2025-07-15 02:24:37 --> Error: Call to a member function send() on null
in FCPATH\index.php on line 95.
 1 SYSTEMPATH\Commands\Server\rewrite.php(47): require_once()
CRITICAL - 2025-07-15 02:24:38 --> Error: Call to a member function send() on null
in FCPATH\index.php on line 95.
 1 SYSTEMPATH\Commands\Server\rewrite.php(47): require_once()
CRITICAL - 2025-07-15 02:24:38 --> Error: Call to a member function send() on null
in FCPATH\index.php on line 95.
 1 SYSTEMPATH\Commands\Server\rewrite.php(47): require_once()
CRITICAL - 2025-07-15 02:24:38 --> Error: Call to a member function send() on null
in FCPATH\index.php on line 95.
 1 SYSTEMPATH\Commands\Server\rewrite.php(47): require_once()
ERROR - 2025-07-15 02:37:43 --> mysqli_sql_exception: Table 'sekolah_multiapp.parent_invitations' doesn't exist in C:\xampp\htdocs\smartbk\app-ortu\vendor\codeigniter4\framework\system\Database\MySQLi\Connection.php:306
Stack trace:
#0 C:\xampp\htdocs\smartbk\app-ortu\vendor\codeigniter4\framework\system\Database\MySQLi\Connection.php(306): mysqli->query('SELECT *\nFROM `...', 0)
#1 C:\xampp\htdocs\smartbk\app-ortu\vendor\codeigniter4\framework\system\Database\BaseConnection.php(693): CodeIgniter\Database\MySQLi\Connection->execute('SELECT *\nFROM `...')
#2 C:\xampp\htdocs\smartbk\app-ortu\vendor\codeigniter4\framework\system\Database\BaseConnection.php(607): CodeIgniter\Database\BaseConnection->simpleQuery('SELECT *\nFROM `...')
#3 C:\xampp\htdocs\smartbk\app-ortu\vendor\codeigniter4\framework\system\Database\BaseBuilder.php(1616): CodeIgniter\Database\BaseConnection->query('SELECT *\nFROM `...', Array, false)
#4 C:\xampp\htdocs\smartbk\app-ortu\app\Controllers\Partnership.php(128): CodeIgniter\Database\BaseBuilder->get()
#5 C:\xampp\htdocs\smartbk\app-ortu\app\Controllers\Partnership.php(21): App\Controllers\Partnership->processInvitation('DEMO2024ORTU')
#6 C:\xampp\htdocs\smartbk\app-ortu\vendor\codeigniter4\framework\system\CodeIgniter.php(943): App\Controllers\Partnership->index()
#7 C:\xampp\htdocs\smartbk\app-ortu\vendor\codeigniter4\framework\system\CodeIgniter.php(503): CodeIgniter\CodeIgniter->runController(Object(App\Controllers\Partnership))
#8 C:\xampp\htdocs\smartbk\app-ortu\vendor\codeigniter4\framework\system\CodeIgniter.php(361): CodeIgniter\CodeIgniter->handleRequest(NULL, Object(Config\Cache), false)
#9 C:\xampp\htdocs\smartbk\app-ortu\public\index.php(121): CodeIgniter\CodeIgniter->run()
#10 C:\xampp\htdocs\smartbk\app-ortu\vendor\codeigniter4\framework\system\Commands\Server\rewrite.php(47): require_once('C:\\xampp\\htdocs...')
#11 {main}
ERROR - 2025-07-15 02:38:01 --> mysqli_sql_exception: Table 'sekolah_multiapp.parent_invitations' doesn't exist in C:\xampp\htdocs\smartbk\app-ortu\vendor\codeigniter4\framework\system\Database\MySQLi\Connection.php:306
Stack trace:
#0 C:\xampp\htdocs\smartbk\app-ortu\vendor\codeigniter4\framework\system\Database\MySQLi\Connection.php(306): mysqli->query('SELECT *\nFROM `...', 0)
#1 C:\xampp\htdocs\smartbk\app-ortu\vendor\codeigniter4\framework\system\Database\BaseConnection.php(693): CodeIgniter\Database\MySQLi\Connection->execute('SELECT *\nFROM `...')
#2 C:\xampp\htdocs\smartbk\app-ortu\vendor\codeigniter4\framework\system\Database\BaseConnection.php(607): CodeIgniter\Database\BaseConnection->simpleQuery('SELECT *\nFROM `...')
#3 C:\xampp\htdocs\smartbk\app-ortu\vendor\codeigniter4\framework\system\Database\BaseBuilder.php(1616): CodeIgniter\Database\BaseConnection->query('SELECT *\nFROM `...', Array, false)
#4 C:\xampp\htdocs\smartbk\app-ortu\app\Controllers\Partnership.php(128): CodeIgniter\Database\BaseBuilder->get()
#5 C:\xampp\htdocs\smartbk\app-ortu\app\Controllers\Partnership.php(21): App\Controllers\Partnership->processInvitation('DEMO2024ORTU')
#6 C:\xampp\htdocs\smartbk\app-ortu\vendor\codeigniter4\framework\system\CodeIgniter.php(943): App\Controllers\Partnership->index()
#7 C:\xampp\htdocs\smartbk\app-ortu\vendor\codeigniter4\framework\system\CodeIgniter.php(503): CodeIgniter\CodeIgniter->runController(Object(App\Controllers\Partnership))
#8 C:\xampp\htdocs\smartbk\app-ortu\vendor\codeigniter4\framework\system\CodeIgniter.php(361): CodeIgniter\CodeIgniter->handleRequest(NULL, Object(Config\Cache), false)
#9 C:\xampp\htdocs\smartbk\app-ortu\public\index.php(121): CodeIgniter\CodeIgniter->run()
#10 C:\xampp\htdocs\smartbk\app-ortu\vendor\codeigniter4\framework\system\Commands\Server\rewrite.php(47): require_once('C:\\xampp\\htdocs...')
#11 {main}
